2021-02-09 13:54:48.209  INFO 56706 --- [main] c.h.a.c.CustomScannersServiceApplication : Starting CustomScannersServiceApplication on epaaann with PID 56706 (/home/evan/.vscode/extensions/hcltechnologies.hclappscancodesweep-1.1.3/lib/custom-scanners-service-1.0.10.jar started by evan in /home/evan/IdeaProjects/praxis-academy/novice/project individu/impian)
2021-02-09 13:54:48.259  INFO 56706 --- [main] c.h.a.c.CustomScannersServiceApplication : No active profile set, falling back to default profiles: default
2021-02-09 13:54:57.609  INFO 56706 --- [main] o.s.b.w.embedded.tomcat.TomcatWebServer  : Tomcat initialized with port(s): 9221 (http)
2021-02-09 13:54:57.621  INFO 56706 --- [main] o.apache.catalina.core.StandardService   : Starting service [Tomcat]
2021-02-09 13:54:57.621  INFO 56706 --- [main] org.apache.catalina.core.StandardEngine  : Starting Servlet engine: [Apache Tomcat/9.0.29]
2021-02-09 13:54:57.713  INFO 56706 --- [main] o.a.c.c.C.[Tomcat].[localhost].[/]       : Initializing Spring embedded WebApplicationContext
2021-02-09 13:54:57.714 DEBUG 56706 --- [main] o.s.web.context.ContextLoader            : Published root WebApplicationContext as ServletContext attribute with name [org.springframework.web.context.WebApplicationContext.ROOT]
2021-02-09 13:54:57.714  INFO 56706 --- [main] o.s.web.context.ContextLoader            : Root WebApplicationContext: initialization completed in 8112 ms
2021-02-09 13:54:58.112 DEBUG 56706 --- [main] o.s.b.w.s.ServletContextInitializerBeans : Mapping filters: filterRegistrationBean urls=[/*] order=-2147483647, characterEncodingFilter urls=[/*] order=-2147483648, formContentFilter urls=[/*] order=-9900, requestContextFilter urls=[/*] order=-105
2021-02-09 13:54:58.112 DEBUG 56706 --- [main] o.s.b.w.s.ServletContextInitializerBeans : Mapping servlets: dispatcherServlet urls=[/]
2021-02-09 13:55:01.125 DEBUG 56706 --- [main] s.w.s.m.m.a.RequestMappingHandlerMapping : 19 mappings in 'requestMappingHandlerMapping'
2021-02-09 13:55:01.212  INFO 56706 --- [main] o.s.b.a.e.web.EndpointLinksResolver      : Exposing 2 endpoint(s) beneath base path '/actuator'
2021-02-09 13:55:01.402  INFO 56706 --- [main] pertySourcedRequestMappingHandlerMapping : Mapped URL path [/v2/api-docs] onto method [springfox.documentation.swagger2.web.Swagger2Controller#getDocumentation(String, HttpServletRequest)]
2021-02-09 13:55:01.557  INFO 56706 --- [main] o.s.s.concurrent.ThreadPoolTaskExecutor  : Initializing ExecutorService 'applicationTaskExecutor'
2021-02-09 13:55:01.603 DEBUG 56706 --- [main] s.w.s.m.m.a.RequestMappingHandlerAdapter : ControllerAdvice beans: 0 @ModelAttribute, 0 @InitBinder, 1 RequestBodyAdvice, 1 ResponseBodyAdvice
2021-02-09 13:55:02.427 DEBUG 56706 --- [main] o.s.w.s.handler.SimpleUrlHandlerMapping  : Patterns [/webjars/**, /**] in 'resourceHandlerMapping'
2021-02-09 13:55:02.457 DEBUG 56706 --- [main] .m.m.a.ExceptionHandlerExceptionResolver : ControllerAdvice beans: 1 @ExceptionHandler, 1 ResponseBodyAdvice
2021-02-09 13:55:02.613  INFO 56706 --- [main] d.s.w.p.DocumentationPluginsBootstrapper : Context refreshed
2021-02-09 13:55:02.983  INFO 56706 --- [main] d.s.w.p.DocumentationPluginsBootstrapper : Found 1 custom documentation plugin(s)
2021-02-09 13:55:03.043  INFO 56706 --- [main] s.d.s.w.s.ApiListingReferenceScanner     : Scanning for api listing references
2021-02-09 13:55:03.671  INFO 56706 --- [main] o.s.b.w.embedded.tomcat.TomcatWebServer  : Tomcat started on port(s): 9221 (http) with context path ''
2021-02-09 13:55:03.675  INFO 56706 --- [main] c.h.a.c.CustomScannersServiceApplication : Started CustomScannersServiceApplication in 25.36 seconds (JVM running for 41.922)
2021-02-09 13:55:04.072  INFO 56706 --- [http-nio-9221-exec-1] o.a.c.c.C.[Tomcat].[localhost].[/]       : Initializing Spring DispatcherServlet 'dispatcherServlet'
2021-02-09 13:55:04.073  INFO 56706 --- [http-nio-9221-exec-1] o.s.web.servlet.DispatcherServlet        : Initializing Servlet 'dispatcherServlet'
2021-02-09 13:55:04.073 DEBUG 56706 --- [http-nio-9221-exec-1] o.s.web.servlet.DispatcherServlet        : Detected StandardServletMultipartResolver
2021-02-09 13:55:04.081 DEBUG 56706 --- [http-nio-9221-exec-1] o.s.web.servlet.DispatcherServlet        : enableLoggingRequestDetails='false': request parameters and headers will be masked to prevent unsafe logging of potentially sensitive data
2021-02-09 13:55:04.081  INFO 56706 --- [http-nio-9221-exec-1] o.s.web.servlet.DispatcherServlet        : Completed initialization in 8 ms
2021-02-09 13:55:04.092 DEBUG 56706 --- [http-nio-9221-exec-1] o.s.web.servlet.DispatcherServlet        : GET "/v1/scanRules", parameters={}
2021-02-09 13:55:04.139 DEBUG 56706 --- [http-nio-9221-exec-1] s.w.s.m.m.a.RequestMappingHandlerMapping : Mapped to com.hcl.appscan.customscannersservice.controller.CustomScannersController#getScanRules(String[])
2021-02-09 13:55:04.193 DEBUG 56706 --- [http-nio-9221-exec-1] o.s.w.s.m.m.a.HttpEntityMethodProcessor  : Using 'application/json', given [application/json] and supported [application/json]
2021-02-09 13:55:04.201 DEBUG 56706 --- [http-nio-9221-exec-1] o.s.w.s.m.m.a.HttpEntityMethodProcessor  : Writing [{Golang={com.ouncelabs.languagelite.golang.rules.CommMisconfig=CustomScannersServiceScanRule{ruleNam (truncated)...]
2021-02-09 13:55:04.438 DEBUG 56706 --- [http-nio-9221-exec-1] o.s.web.servlet.DispatcherServlet        : Completed 200 OK
2021-02-09 19:51:06.358  INFO 77993 --- [main] c.h.a.c.CustomScannersServiceApplication : Starting CustomScannersServiceApplication on epaaann with PID 77993 (/home/evan/.vscode/extensions/hcltechnologies.hclappscancodesweep-1.1.3/lib/custom-scanners-service-1.0.10.jar started by evan in /home/evan/IdeaProjects/praxis-academy/novice/project individu/impian)
2021-02-09 19:51:06.402  INFO 77993 --- [main] c.h.a.c.CustomScannersServiceApplication : No active profile set, falling back to default profiles: default
2021-02-09 19:51:06.390  INFO 77955 --- [main] c.h.a.c.CustomScannersServiceApplication : Starting CustomScannersServiceApplication on epaaann with PID 77955 (/home/evan/.vscode/extensions/hcltechnologies.hclappscancodesweep-1.1.3/lib/custom-scanners-service-1.0.10.jar started by evan in /home/evan/IdeaProjects/praxis-academy/novice/project individu/impian)
2021-02-09 19:51:06.423  INFO 77955 --- [main] c.h.a.c.CustomScannersServiceApplication : No active profile set, falling back to default profiles: default
2021-02-09 19:51:12.579  INFO 77993 --- [main] o.s.b.w.embedded.tomcat.TomcatWebServer  : Tomcat initialized with port(s): 9221 (http)
2021-02-09 19:51:12.603  INFO 77955 --- [main] o.s.b.w.embedded.tomcat.TomcatWebServer  : Tomcat initialized with port(s): 9221 (http)
2021-02-09 19:51:12.619  INFO 77993 --- [main] o.apache.catalina.core.StandardService   : Starting service [Tomcat]
2021-02-09 19:51:12.620  INFO 77993 --- [main] org.apache.catalina.core.StandardEngine  : Starting Servlet engine: [Apache Tomcat/9.0.29]
2021-02-09 19:51:12.624  INFO 77955 --- [main] o.apache.catalina.core.StandardService   : Starting service [Tomcat]
2021-02-09 19:51:12.624  INFO 77955 --- [main] org.apache.catalina.core.StandardEngine  : Starting Servlet engine: [Apache Tomcat/9.0.29]
2021-02-09 19:51:12.776  INFO 77955 --- [main] o.a.c.c.C.[Tomcat].[localhost].[/]       : Initializing Spring embedded WebApplicationContext
2021-02-09 19:51:12.785  INFO 77993 --- [main] o.a.c.c.C.[Tomcat].[localhost].[/]       : Initializing Spring embedded WebApplicationContext
2021-02-09 19:51:12.786 DEBUG 77993 --- [main] o.s.web.context.ContextLoader            : Published root WebApplicationContext as ServletContext attribute with name [org.springframework.web.context.WebApplicationContext.ROOT]
2021-02-09 19:51:12.786  INFO 77993 --- [main] o.s.web.context.ContextLoader            : Root WebApplicationContext: initialization completed in 6001 ms
2021-02-09 19:51:12.777 DEBUG 77955 --- [main] o.s.web.context.ContextLoader            : Published root WebApplicationContext as ServletContext attribute with name [org.springframework.web.context.WebApplicationContext.ROOT]
2021-02-09 19:51:12.787  INFO 77955 --- [main] o.s.web.context.ContextLoader            : Root WebApplicationContext: initialization completed in 6049 ms
2021-02-09 19:51:13.337 DEBUG 77993 --- [main] o.s.b.w.s.ServletContextInitializerBeans : Mapping filters: filterRegistrationBean urls=[/*] order=-2147483647, characterEncodingFilter urls=[/*] order=-2147483648, formContentFilter urls=[/*] order=-9900, requestContextFilter urls=[/*] order=-105
2021-02-09 19:51:13.338 DEBUG 77993 --- [main] o.s.b.w.s.ServletContextInitializerBeans : Mapping servlets: dispatcherServlet urls=[/]
2021-02-09 19:51:13.804 DEBUG 77955 --- [main] o.s.b.w.s.ServletContextInitializerBeans : Mapping filters: filterRegistrationBean urls=[/*] order=-2147483647, characterEncodingFilter urls=[/*] order=-2147483648, formContentFilter urls=[/*] order=-9900, requestContextFilter urls=[/*] order=-105
2021-02-09 19:51:13.804 DEBUG 77955 --- [main] o.s.b.w.s.ServletContextInitializerBeans : Mapping servlets: dispatcherServlet urls=[/]
2021-02-09 19:51:18.891 DEBUG 77955 --- [main] s.w.s.m.m.a.RequestMappingHandlerMapping : 19 mappings in 'requestMappingHandlerMapping'
2021-02-09 19:51:18.999 DEBUG 77993 --- [main] s.w.s.m.m.a.RequestMappingHandlerMapping : 19 mappings in 'requestMappingHandlerMapping'
2021-02-09 19:51:19.029  INFO 77955 --- [main] o.s.b.a.e.web.EndpointLinksResolver      : Exposing 2 endpoint(s) beneath base path '/actuator'
2021-02-09 19:51:19.380  INFO 77955 --- [main] pertySourcedRequestMappingHandlerMapping : Mapped URL path [/v2/api-docs] onto method [springfox.documentation.swagger2.web.Swagger2Controller#getDocumentation(String, HttpServletRequest)]
2021-02-09 19:51:19.386  INFO 77993 --- [main] o.s.b.a.e.web.EndpointLinksResolver      : Exposing 2 endpoint(s) beneath base path '/actuator'
2021-02-09 19:51:19.775  INFO 77955 --- [main] o.s.s.concurrent.ThreadPoolTaskExecutor  : Initializing ExecutorService 'applicationTaskExecutor'
2021-02-09 19:51:19.883  INFO 77993 --- [main] pertySourcedRequestMappingHandlerMapping : Mapped URL path [/v2/api-docs] onto method [springfox.documentation.swagger2.web.Swagger2Controller#getDocumentation(String, HttpServletRequest)]
2021-02-09 19:51:19.864 DEBUG 77955 --- [main] s.w.s.m.m.a.RequestMappingHandlerAdapter : ControllerAdvice beans: 0 @ModelAttribute, 0 @InitBinder, 1 RequestBodyAdvice, 1 ResponseBodyAdvice
2021-02-09 19:51:20.169  INFO 77993 --- [main] o.s.s.concurrent.ThreadPoolTaskExecutor  : Initializing ExecutorService 'applicationTaskExecutor'
2021-02-09 19:51:20.221 DEBUG 77993 --- [main] s.w.s.m.m.a.RequestMappingHandlerAdapter : ControllerAdvice beans: 0 @ModelAttribute, 0 @InitBinder, 1 RequestBodyAdvice, 1 ResponseBodyAdvice
2021-02-09 19:51:20.577 DEBUG 77955 --- [main] o.s.w.s.handler.SimpleUrlHandlerMapping  : Patterns [/webjars/**, /**] in 'resourceHandlerMapping'
2021-02-09 19:51:20.609 DEBUG 77955 --- [main] .m.m.a.ExceptionHandlerExceptionResolver : ControllerAdvice beans: 1 @ExceptionHandler, 1 ResponseBodyAdvice
2021-02-09 19:51:20.867 DEBUG 77993 --- [main] o.s.w.s.handler.SimpleUrlHandlerMapping  : Patterns [/webjars/**, /**] in 'resourceHandlerMapping'
2021-02-09 19:51:20.878  INFO 77955 --- [main] d.s.w.p.DocumentationPluginsBootstrapper : Context refreshed
2021-02-09 19:51:20.917 DEBUG 77993 --- [main] .m.m.a.ExceptionHandlerExceptionResolver : ControllerAdvice beans: 1 @ExceptionHandler, 1 ResponseBodyAdvice
2021-02-09 19:51:20.963  INFO 77955 --- [main] d.s.w.p.DocumentationPluginsBootstrapper : Found 1 custom documentation plugin(s)
2021-02-09 19:51:21.175  INFO 77955 --- [main] s.d.s.w.s.ApiListingReferenceScanner     : Scanning for api listing references
2021-02-09 19:51:21.391  INFO 77993 --- [main] d.s.w.p.DocumentationPluginsBootstrapper : Context refreshed
2021-02-09 19:51:21.482  INFO 77993 --- [main] d.s.w.p.DocumentationPluginsBootstrapper : Found 1 custom documentation plugin(s)
2021-02-09 19:51:21.706  INFO 77993 --- [main] s.d.s.w.s.ApiListingReferenceScanner     : Scanning for api listing references
2021-02-09 19:51:22.535  INFO 77955 --- [main] o.s.b.w.embedded.tomcat.TomcatWebServer  : Tomcat started on port(s): 9221 (http) with context path ''
2021-02-09 19:51:22.569  INFO 77955 --- [main] c.h.a.c.CustomScannersServiceApplication : Started CustomScannersServiceApplication in 18.827 seconds (JVM running for 21.407)
2021-02-09 19:51:23.206  INFO 77993 --- [main] o.apache.catalina.core.StandardService   : Stopping service [Tomcat]
2021-02-09 19:51:23.249  INFO 77993 --- [main] ConditionEvaluationReportLoggingListener : 

Error starting ApplicationContext. To display the conditions report re-run your application with 'debug' enabled.
2021-02-09 19:51:23.252 ERROR 77993 --- [main] o.s.b.d.LoggingFailureAnalysisReporter   : 

***************************
APPLICATION FAILED TO START
***************************

Description:

Web server failed to start. Port 9221 was already in use.

Action:

Identify and stop the process that's listening on port 9221 or configure this application to listen on another port.

2021-02-09 19:51:23.257  INFO 77993 --- [main] o.s.s.concurrent.ThreadPoolTaskExecutor  : Shutting down ExecutorService 'applicationTaskExecutor'
2021-02-09 19:51:56.175  INFO 77955 --- [http-nio-9221-exec-1] o.a.c.c.C.[Tomcat].[localhost].[/]       : Initializing Spring DispatcherServlet 'dispatcherServlet'
2021-02-09 19:51:56.176  INFO 77955 --- [http-nio-9221-exec-1] o.s.web.servlet.DispatcherServlet        : Initializing Servlet 'dispatcherServlet'
2021-02-09 19:51:56.176 DEBUG 77955 --- [http-nio-9221-exec-1] o.s.web.servlet.DispatcherServlet        : Detected StandardServletMultipartResolver
2021-02-09 19:51:56.280 DEBUG 77955 --- [http-nio-9221-exec-1] o.s.web.servlet.DispatcherServlet        : enableLoggingRequestDetails='false': request parameters and headers will be masked to prevent unsafe logging of potentially sensitive data
2021-02-09 19:51:56.281  INFO 77955 --- [http-nio-9221-exec-1] o.s.web.servlet.DispatcherServlet        : Completed initialization in 105 ms
2021-02-09 19:51:56.300 DEBUG 77955 --- [http-nio-9221-exec-1] o.s.web.servlet.DispatcherServlet        : GET "/v1/scanRules", parameters={}
2021-02-09 19:51:56.389 DEBUG 77955 --- [http-nio-9221-exec-1] s.w.s.m.m.a.RequestMappingHandlerMapping : Mapped to com.hcl.appscan.customscannersservice.controller.CustomScannersController#getScanRules(String[])
2021-02-09 19:51:56.458 DEBUG 77955 --- [http-nio-9221-exec-1] o.s.w.s.m.m.a.HttpEntityMethodProcessor  : Using 'application/json', given [application/json] and supported [application/json]
2021-02-09 19:51:56.476 DEBUG 77955 --- [http-nio-9221-exec-1] o.s.w.s.m.m.a.HttpEntityMethodProcessor  : Writing [{Golang={com.ouncelabs.languagelite.golang.rules.WeakCryptoGolang=CustomScannersServiceScanRule{rule (truncated)...]
2021-02-09 19:51:56.662 DEBUG 77955 --- [http-nio-9221-exec-1] o.s.web.servlet.DispatcherServlet        : Completed 200 OK
2021-02-09 19:51:56.804 DEBUG 77955 --- [http-nio-9221-exec-2] o.s.web.servlet.DispatcherServlet        : GET "/v1/scanRules", parameters={}
2021-02-09 19:51:56.805 DEBUG 77955 --- [http-nio-9221-exec-2] s.w.s.m.m.a.RequestMappingHandlerMapping : Mapped to com.hcl.appscan.customscannersservice.controller.CustomScannersController#getScanRules(String[])
2021-02-09 19:51:56.806 DEBUG 77955 --- [http-nio-9221-exec-2] o.s.w.s.m.m.a.HttpEntityMethodProcessor  : Using 'application/json', given [application/json] and supported [application/json]
2021-02-09 19:51:56.811 DEBUG 77955 --- [http-nio-9221-exec-2] o.s.w.s.m.m.a.HttpEntityMethodProcessor  : Writing [{Golang={com.ouncelabs.languagelite.golang.rules.WeakCryptoGolang=CustomScannersServiceScanRule{rule (truncated)...]
2021-02-09 19:51:56.818 DEBUG 77955 --- [http-nio-9221-exec-2] o.s.web.servlet.DispatcherServlet        : Completed 200 OK
2021-02-09 19:51:56.845 DEBUG 77955 --- [http-nio-9221-exec-3] o.s.web.servlet.DispatcherServlet        : GET "/v1/scanRules", parameters={}
2021-02-09 19:51:56.847 DEBUG 77955 --- [http-nio-9221-exec-3] s.w.s.m.m.a.RequestMappingHandlerMapping : Mapped to com.hcl.appscan.customscannersservice.controller.CustomScannersController#getScanRules(String[])
2021-02-09 19:51:56.848 DEBUG 77955 --- [http-nio-9221-exec-3] o.s.w.s.m.m.a.HttpEntityMethodProcessor  : Using 'application/json', given [application/json] and supported [application/json]
2021-02-09 19:51:56.851 DEBUG 77955 --- [http-nio-9221-exec-3] o.s.w.s.m.m.a.HttpEntityMethodProcessor  : Writing [{Golang={com.ouncelabs.languagelite.golang.rules.WeakCryptoGolang=CustomScannersServiceScanRule{rule (truncated)...]
2021-02-09 19:51:56.855 DEBUG 77955 --- [http-nio-9221-exec-3] o.s.web.servlet.DispatcherServlet        : Completed 200 OK
2021-02-09 19:51:57.518 DEBUG 77955 --- [http-nio-9221-exec-4] o.s.web.servlet.DispatcherServlet        : GET "/v1/scanRules", parameters={}
2021-02-09 19:51:57.519 DEBUG 77955 --- [http-nio-9221-exec-4] s.w.s.m.m.a.RequestMappingHandlerMapping : Mapped to com.hcl.appscan.customscannersservice.controller.CustomScannersController#getScanRules(String[])
2021-02-09 19:51:57.520 DEBUG 77955 --- [http-nio-9221-exec-4] o.s.w.s.m.m.a.HttpEntityMethodProcessor  : Using 'application/json', given [application/json] and supported [application/json]
2021-02-09 19:51:57.523 DEBUG 77955 --- [http-nio-9221-exec-4] o.s.w.s.m.m.a.HttpEntityMethodProcessor  : Writing [{Golang={com.ouncelabs.languagelite.golang.rules.WeakCryptoGolang=CustomScannersServiceScanRule{rule (truncated)...]
2021-02-09 19:51:57.530 DEBUG 77955 --- [http-nio-9221-exec-4] o.s.web.servlet.DispatcherServlet        : Completed 200 OK
